<?xml version="1.0" encoding="UTF-8"?>
<!-- Generated by org.testng.reporters.JUnitXMLReporter -->
<testsuite hostname="San-Dell10" ignored="0" name="Test" tests="3" failures="0" timestamp="26 Sep 2017 20:42:49 GMT" time="28.346" errors="0">
  <testcase name="dashboardnavigation" time="4.297" classname="com.westCoastPirates.AnyAutOrange.Dashboard"/>
  <testcase name="basePageNavigation" time="4.829" classname="com.westCoastPirates.AnyAutOrange.HomePage"/>
  <testcase name="basePageNavigation" time="4.101" classname="com.westCoastPirates.AnyAutOrange.HomePage"/>
</testsuite> <!-- Test -->
