<?xml version="1.0" encoding="UTF-8"?>
<testng-results skipped="0" failed="0" ignored="0" total="1" passed="1">
  <reporter-output>
    <line>
      <![CDATA[<a href='C:\Users\Administrator\Desktop\Selenium Training\AnyAutOrange\screenshot\dashboard_04_10_2017_11_32_13.png'> <img src ='C:\Users\Administrator\Desktop\Selenium Training\AnyAutOrange\screenshot\dashboard_04_10_2017_11_32_13.png'height='100' width='100'/> </a>]]>
    </line>
    <line>
      <![CDATA[<a href='C:\Users\Administrator\Desktop\Selenium Training\AnyAutOrange\screenshot\ModulesPage_04_10_2017_11_32_24.png'> <img src ='C:\Users\Administrator\Desktop\Selenium Training\AnyAutOrange\screenshot\ModulesPage_04_10_2017_11_32_24.png'height='100' width='100'/> </a>]]>
    </line>
    <line>
      <![CDATA[<a href='C:\Users\Administrator\Desktop\Selenium Training\AnyAutOrange\screenshot\TestCasePage_04_10_2017_11_32_30.png'> <img src ='C:\Users\Administrator\Desktop\Selenium Training\AnyAutOrange\screenshot\TestCasePage_04_10_2017_11_32_30.png'height='100' width='100'/> </a>]]>
    </line>
    <line>
      <![CDATA[<a href='C:\Users\Administrator\Desktop\Selenium Training\AnyAutOrange\screenshot\TestStepsPage_04_10_2017_11_32_39.png'> <img src ='C:\Users\Administrator\Desktop\Selenium Training\AnyAutOrange\screenshot\TestStepsPage_04_10_2017_11_32_39.png'height='100' width='100'/> </a>]]>
    </line>
    <line>
      <![CDATA[<a href='C:\Users\Administrator\Desktop\Selenium Training\AnyAutOrange\screenshot\ElementsPage_04_10_2017_11_32_49.png'> <img src ='C:\Users\Administrator\Desktop\Selenium Training\AnyAutOrange\screenshot\ElementsPage_04_10_2017_11_32_49.png'height='100' width='100'/> </a>]]>
    </line>
    <line>
      <![CDATA[<a href='C:\Users\Administrator\Desktop\Selenium Training\AnyAutOrange\screenshot\testDataPage_04_10_2017_11_32_59.png'> <img src ='C:\Users\Administrator\Desktop\Selenium Training\AnyAutOrange\screenshot\testDataPage_04_10_2017_11_32_59.png'height='100' width='100'/> </a>]]>
    </line>
    <line>
      <![CDATA[<a href='C:\Users\Administrator\Desktop\Selenium Training\AnyAutOrange\screenshot\UserdefinedKeywordspage_04_10_2017_11_33_07.png'> <img src ='C:\Users\Administrator\Desktop\Selenium Training\AnyAutOrange\screenshot\UserdefinedKeywordspage_04_10_2017_11_33_07.png'height='100' width='100'/> </a>]]>
    </line>
    <line>
      <![CDATA[<a href='C:\Users\Administrator\Desktop\Selenium Training\AnyAutOrange\screenshot\BuiltinKeywordsPage_04_10_2017_11_33_14.png'> <img src ='C:\Users\Administrator\Desktop\Selenium Training\AnyAutOrange\screenshot\BuiltinKeywordsPage_04_10_2017_11_33_14.png'height='100' width='100'/> </a>]]>
    </line>
    <line>
      <![CDATA[<a href='C:\Users\Administrator\Desktop\Selenium Training\AnyAutOrange\screenshot\TestRunPage_04_10_2017_11_33_22.png'> <img src ='C:\Users\Administrator\Desktop\Selenium Training\AnyAutOrange\screenshot\TestRunPage_04_10_2017_11_33_22.png'height='100' width='100'/> </a>]]>
    </line>
    <line>
      <![CDATA[<a href='C:\Users\Administrator\Desktop\Selenium Training\AnyAutOrange\screenshot\testResultsPage_04_10_2017_11_33_30.png'> <img src ='C:\Users\Administrator\Desktop\Selenium Training\AnyAutOrange\screenshot\testResultsPage_04_10_2017_11_33_30.png'height='100' width='100'/> </a>]]>
    </line>
  </reporter-output>
  <suite name="Default suite" duration-ms="94026" started-at="2017-10-05T06:32:01Z" finished-at="2017-10-05T06:33:35Z">
    <groups>
    </groups>
    <test name="Default test" duration-ms="94026" started-at="2017-10-05T06:32:01Z" finished-at="2017-10-05T06:33:35Z">
      <class name="com.westCoastPirates.AnyAutOrange.Dashboard">
        <test-method status="PASS" signature="initialize()[pri:0, instance:com.westCoastPirates.AnyAutOrange.Dashboard@5f2108b5]" name="initialize" is-config="true" duration-ms="7738" started-at="2017-10-04T23:32:01Z" finished-at="2017-10-04T23:32:09Z">
          <reporter-output>
          </reporter-output>
        </test-method> <!-- initialize -->
        <test-method status="PASS" signature="dashboardnavigation()[pri:0, instance:com.westCoastPirates.AnyAutOrange.Dashboard@5f2108b5]" name="dashboardnavigation" duration-ms="86080" started-at="2017-10-04T23:32:09Z" finished-at="2017-10-04T23:33:35Z">
          <reporter-output>
            <line>
              <![CDATA[<a href='C:\Users\Administrator\Desktop\Selenium Training\AnyAutOrange\screenshot\dashboard_04_10_2017_11_32_13.png'> <img src ='C:\Users\Administrator\Desktop\Selenium Training\AnyAutOrange\screenshot\dashboard_04_10_2017_11_32_13.png'height='100' width='100'/> </a>]]>
            </line>
            <line>
              <![CDATA[<a href='C:\Users\Administrator\Desktop\Selenium Training\AnyAutOrange\screenshot\ModulesPage_04_10_2017_11_32_24.png'> <img src ='C:\Users\Administrator\Desktop\Selenium Training\AnyAutOrange\screenshot\ModulesPage_04_10_2017_11_32_24.png'height='100' width='100'/> </a>]]>
            </line>
            <line>
              <![CDATA[<a href='C:\Users\Administrator\Desktop\Selenium Training\AnyAutOrange\screenshot\TestCasePage_04_10_2017_11_32_30.png'> <img src ='C:\Users\Administrator\Desktop\Selenium Training\AnyAutOrange\screenshot\TestCasePage_04_10_2017_11_32_30.png'height='100' width='100'/> </a>]]>
            </line>
            <line>
              <![CDATA[<a href='C:\Users\Administrator\Desktop\Selenium Training\AnyAutOrange\screenshot\TestStepsPage_04_10_2017_11_32_39.png'> <img src ='C:\Users\Administrator\Desktop\Selenium Training\AnyAutOrange\screenshot\TestStepsPage_04_10_2017_11_32_39.png'height='100' width='100'/> </a>]]>
            </line>
            <line>
              <![CDATA[<a href='C:\Users\Administrator\Desktop\Selenium Training\AnyAutOrange\screenshot\ElementsPage_04_10_2017_11_32_49.png'> <img src ='C:\Users\Administrator\Desktop\Selenium Training\AnyAutOrange\screenshot\ElementsPage_04_10_2017_11_32_49.png'height='100' width='100'/> </a>]]>
            </line>
            <line>
              <![CDATA[<a href='C:\Users\Administrator\Desktop\Selenium Training\AnyAutOrange\screenshot\testDataPage_04_10_2017_11_32_59.png'> <img src ='C:\Users\Administrator\Desktop\Selenium Training\AnyAutOrange\screenshot\testDataPage_04_10_2017_11_32_59.png'height='100' width='100'/> </a>]]>
            </line>
            <line>
              <![CDATA[<a href='C:\Users\Administrator\Desktop\Selenium Training\AnyAutOrange\screenshot\UserdefinedKeywordspage_04_10_2017_11_33_07.png'> <img src ='C:\Users\Administrator\Desktop\Selenium Training\AnyAutOrange\screenshot\UserdefinedKeywordspage_04_10_2017_11_33_07.png'height='100' width='100'/> </a>]]>
            </line>
            <line>
              <![CDATA[<a href='C:\Users\Administrator\Desktop\Selenium Training\AnyAutOrange\screenshot\BuiltinKeywordsPage_04_10_2017_11_33_14.png'> <img src ='C:\Users\Administrator\Desktop\Selenium Training\AnyAutOrange\screenshot\BuiltinKeywordsPage_04_10_2017_11_33_14.png'height='100' width='100'/> </a>]]>
            </line>
            <line>
              <![CDATA[<a href='C:\Users\Administrator\Desktop\Selenium Training\AnyAutOrange\screenshot\TestRunPage_04_10_2017_11_33_22.png'> <img src ='C:\Users\Administrator\Desktop\Selenium Training\AnyAutOrange\screenshot\TestRunPage_04_10_2017_11_33_22.png'height='100' width='100'/> </a>]]>
            </line>
            <line>
              <![CDATA[<a href='C:\Users\Administrator\Desktop\Selenium Training\AnyAutOrange\screenshot\testResultsPage_04_10_2017_11_33_30.png'> <img src ='C:\Users\Administrator\Desktop\Selenium Training\AnyAutOrange\screenshot\testResultsPage_04_10_2017_11_33_30.png'height='100' width='100'/> </a>]]>
            </line>
          </reporter-output>
        </test-method> <!-- dashboardnavigation -->
        <test-method status="PASS" signature="teardown()[pri:0, instance:com.westCoastPirates.AnyAutOrange.Dashboard@5f2108b5]" name="teardown" is-config="true" duration-ms="179" started-at="2017-10-04T23:33:35Z" finished-at="2017-10-04T23:33:35Z">
          <reporter-output>
          </reporter-output>
        </test-method> <!-- teardown -->
      </class> <!-- com.westCoastPirates.AnyAutOrange.Dashboard -->
    </test> <!-- Default test -->
  </suite> <!-- Default suite -->
</testng-results>
